[2025-10-09 09:21:26,018] 42 root - INFO - Start data Ingestion
[2025-10-09 09:21:49,501] 51 root - INFO - Performed train test split
[2025-10-09 09:21:49,501] 52 root - INFO - Train set length: 8844
[2025-10-09 09:21:49,902] 60 root - INFO - Ingested data is saved at train and test path
[2025-10-09 09:21:49,905] 76 root - INFO - Data Ingestion artifact: DataIngestionArtifact(train_file_path='artifact\\10_09_2025_09_19_41\\data_ingestion\\ingested\\train.csv', test_file_path='artifact\\10_09_2025_09_19_41\\data_ingestion\\ingested\\test.csv')
[2025-10-09 09:21:49,907] 45 root - INFO - Data Ingestion completed and artifact: DataIngestionArtifact(train_file_path='artifact\\10_09_2025_09_19_41\\data_ingestion\\ingested\\train.csv', test_file_path='artifact\\10_09_2025_09_19_41\\data_ingestion\\ingested\\test.csv')
[2025-10-09 09:21:49,948] 55 root - INFO - Initiate the data Validation
[2025-10-09 09:21:50,152] 31 root - INFO - Required number of columns: 31
[2025-10-09 09:21:50,154] 32 root - INFO - Dataframe has columns: Index(['having_IP_Address', 'URL_Length', 'Shortining_Service',
       'having_At_Symbol', 'double_slash_redirecting', 'Prefix_Suffix',
       'having_Sub_Domain', 'SSLfinal_State', 'Domain_registeration_length',
       'Favicon', 'port', 'HTTPS_token', 'Request_URL', 'URL_of_Anchor',
       'Links_in_tags', 'SFH', 'Submitting_to_email', 'Abnormal_URL',
       'Redirect', 'on_mouseover', 'RightClick', 'popUpWidnow', 'Iframe',
       'age_of_domain', 'DNSRecord', 'web_traffic', 'Page_Rank',
       'Google_Index', 'Links_pointing_to_page', 'Statistical_report',
       'Result'],
      dtype='object')
[2025-10-09 09:21:50,154] 31 root - INFO - Required number of columns: 31
[2025-10-09 09:21:50,155] 32 root - INFO - Dataframe has columns: Index(['having_IP_Address', 'URL_Length', 'Shortining_Service',
       'having_At_Symbol', 'double_slash_redirecting', 'Prefix_Suffix',
       'having_Sub_Domain', 'SSLfinal_State', 'Domain_registeration_length',
       'Favicon', 'port', 'HTTPS_token', 'Request_URL', 'URL_of_Anchor',
       'Links_in_tags', 'SFH', 'Submitting_to_email', 'Abnormal_URL',
       'Redirect', 'on_mouseover', 'RightClick', 'popUpWidnow', 'Iframe',
       'age_of_domain', 'DNSRecord', 'web_traffic', 'Page_Rank',
       'Google_Index', 'Links_pointing_to_page', 'Statistical_report',
       'Result'],
      dtype='object')
[2025-10-09 09:21:50,406] 71 root - INFO - Data drift report: {'having_IP_Address': {'p_value': 1.0, 'same_distribution': False}, 'URL_Length': {'p_value': 0.9999971010402764, 'same_distribution': False}, 'Shortining_Service': {'p_value': 1.0, 'same_distribution': False}, 'having_At_Symbol': {'p_value': 1.0, 'same_distribution': False}, 'double_slash_redirecting': {'p_value': 0.9999999998789996, 'same_distribution': False}, 'Prefix_Suffix': {'p_value': 0.9995152509457711, 'same_distribution': False}, 'having_Sub_Domain': {'p_value': 0.9999999999598222, 'same_distribution': False}, 'SSLfinal_State': {'p_value': 0.45991477918984003, 'same_distribution': False}, 'Domain_registeration_length': {'p_value': 0.9958579353974752, 'same_distribution': False}, 'Favicon': {'p_value': 1.0, 'same_distribution': False}, 'port': {'p_value': 1.0, 'same_distribution': False}, 'HTTPS_token': {'p_value': 1.0, 'same_distribution': False}, 'Request_URL': {'p_value': 0.2689286131324479, 'same_distribution': False}, 'URL_of_Anchor': {'p_value': 0.9997752665277037, 'same_distribution': False}, 'Links_in_tags': {'p_value': 0.9995152509457711, 'same_distribution': False}, 'SFH': {'p_value': 1.0, 'same_distribution': False}, 'Submitting_to_email': {'p_value': 0.9999953843756324, 'same_distribution': False}, 'Abnormal_URL': {'p_value': 1.0, 'same_distribution': False}, 'Redirect': {'p_value': 1.0, 'same_distribution': False}, 'on_mouseover': {'p_value': 0.9999999999598222, 'same_distribution': False}, 'RightClick': {'p_value': 1.0, 'same_distribution': False}, 'popUpWidnow': {'p_value': 0.9999999991050752, 'same_distribution': False}, 'Iframe': {'p_value': 1.0, 'same_distribution': False}, 'age_of_domain': {'p_value': 0.9914952304622426, 'same_distribution': False}, 'DNSRecord': {'p_value': 1.0, 'same_distribution': False}, 'web_traffic': {'p_value': 0.5733052694150307, 'same_distribution': False}, 'Page_Rank': {'p_value': 0.9876237011526984, 'same_distribution': False}, 'Google_Index': {'p_value': 0.9999953843756324, 'same_distribution': False}, 'Links_pointing_to_page': {'p_value': 0.9996208033369954, 'same_distribution': False}, 'Statistical_report': {'p_value': 1.0, 'same_distribution': False}, 'Result': {'p_value': 0.9086653866244705, 'same_distribution': False}}
[2025-10-09 09:21:50,783] 63 root - INFO - Entered initiate_data_transformation method of DataTransformation class
[2025-10-09 09:21:50,783] 65 root - INFO - Starting data transformation
[2025-10-09 09:21:51,008] 48 root - INFO - Entered get_data_trnasformer_object method of Trnasformation class
[2025-10-09 09:21:51,009] 53 root - INFO - Initialise KNNImputer with {'missing_values': nan, 'n_neighbors': 3, 'weights': 'uniform'}
[2025-10-09 09:21:51,088] 44 root - INFO - Entered the save_object method of MainUtils class
[2025-10-09 09:21:51,092] 48 root - INFO - Exited the save_object method of MainUtils class
[2025-10-09 09:21:51,092] 44 root - INFO - Entered the save_object method of MainUtils class
[2025-10-09 09:21:51,096] 48 root - INFO - Exited the save_object method of MainUtils class
[2025-10-09 09:49:56,629] 44 root - INFO - Entered the save_object method of MainUtils class
[2025-10-09 09:49:56,630] 48 root - INFO - Exited the save_object method of MainUtils class
[2025-10-09 09:49:56,630] 44 root - INFO - Entered the save_object method of MainUtils class
[2025-10-09 09:49:56,922] 48 root - INFO - Exited the save_object method of MainUtils class
[2025-10-09 09:49:56,922] 152 root - INFO - Model trainer artifact: ModelTrainerArtifact(trained_model_file_path='artifact\\10_09_2025_09_19_41\\model_trainer\\trained_model\\model.pkl', train_metric_artifact=ClassificationMetricArtifact(f1_score=0.9915573186857899, precision_score=0.9888415500101441, recall_score=0.9942880456956344), test_metric_artifact=ClassificationMetricArtifact(f1_score=0.9715864246250987, precision_score=0.962470680218921, recall_score=0.9808764940239044))
